<?xml version="1.0" encoding="UTF-8"?>
<coverage generated="1768632560541" clover="3.2.0">
  <project timestamp="1768632560542" name="All files">
    <metrics statements="145" coveredstatements="136" conditionals="27" coveredconditionals="19" methods="42" coveredmethods="41" elements="214" coveredelements="196" complexity="0" loc="145" ncloc="145" packages="4" files="7" classes="7"/>
    <package name="constants">
      <metrics statements="4" coveredstatements="4" conditionals="0" coveredconditionals="0" methods="0" coveredmethods="0"/>
      <file name="borrowing.ts" path="/home/aidev3/WorkSpace(Shiva Sharanya S)/library_management/src/constants/borrowing.ts">
        <metrics statements="4" coveredstatements="4" conditionals="0" coveredconditionals="0" methods="0" coveredmethods="0"/>
        <line num="1" count="5" type="stmt"/>
        <line num="4" count="5" type="stmt"/>
        <line num="5" count="5" type="stmt"/>
        <line num="6" count="5" type="stmt"/>
      </file>
    </package>
    <package name="domain">
      <metrics statements="86" coveredstatements="77" conditionals="13" coveredconditionals="7" methods="30" coveredmethods="29"/>
      <file name="Book.ts" path="/home/aidev3/WorkSpace(Shiva Sharanya S)/library_management/src/domain/Book.ts">
        <metrics statements="12" coveredstatements="11" conditionals="2" coveredconditionals="1" methods="5" coveredmethods="5"/>
        <line num="10" count="5" type="stmt"/>
        <line num="12" count="83" type="stmt"/>
        <line num="13" count="84" type="cond" truecount="1" falsecount="0"/>
        <line num="20" count="5" type="stmt"/>
        <line num="21" count="67" type="stmt"/>
        <line num="30" count="5" type="stmt"/>
        <line num="31" count="10" type="cond" truecount="0" falsecount="1"/>
        <line num="32" count="0" type="stmt"/>
        <line num="34" count="10" type="stmt"/>
        <line num="41" count="5" type="stmt"/>
        <line num="42" count="3" type="stmt"/>
        <line num="44" count="5" type="stmt"/>
      </file>
      <file name="Library.ts" path="/home/aidev3/WorkSpace(Shiva Sharanya S)/library_management/src/domain/Library.ts">
        <metrics statements="53" coveredstatements="51" conditionals="7" coveredconditionals="5" methods="18" coveredmethods="18"/>
        <line num="1" count="5" type="stmt"/>
        <line num="19" count="5" type="stmt"/>
        <line num="21" count="336" type="cond" truecount="1" falsecount="0"/>
        <line num="22" count="338" type="cond" truecount="1" falsecount="0"/>
        <line num="32" count="5" type="stmt"/>
        <line num="33" count="60" type="stmt"/>
        <line num="34" count="60" type="cond" truecount="1" falsecount="0"/>
        <line num="36" count="1" type="stmt"/>
        <line num="37" count="1" type="stmt"/>
        <line num="38" count="1" type="stmt"/>
        <line num="39" count="1" type="stmt"/>
        <line num="40" count="1" type="stmt"/>
        <line num="43" count="59" type="stmt"/>
        <line num="53" count="5" type="stmt"/>
        <line num="54" count="6" type="stmt"/>
        <line num="55" count="6" type="cond" truecount="1" falsecount="0"/>
        <line num="57" count="2" type="stmt"/>
        <line num="58" count="2" type="stmt"/>
        <line num="59" count="2" type="stmt"/>
        <line num="60" count="2" type="stmt"/>
        <line num="61" count="2" type="stmt"/>
        <line num="64" count="4" type="stmt"/>
        <line num="65" count="4" type="stmt"/>
        <line num="74" count="5" type="stmt"/>
        <line num="75" count="45" type="stmt"/>
        <line num="76" count="44" type="cond" truecount="0" falsecount="1"/>
        <line num="77" count="0" type="stmt"/>
        <line num="80" count="44" type="stmt"/>
        <line num="81" count="44" type="cond" truecount="1" falsecount="0"/>
        <line num="83" count="10" type="stmt"/>
        <line num="84" count="10" type="stmt"/>
        <line num="85" count="10" type="stmt"/>
        <line num="86" count="10" type="stmt"/>
        <line num="90" count="61" type="stmt"/>
        <line num="91" count="34" type="stmt"/>
        <line num="99" count="5" type="stmt"/>
        <line num="100" count="71" type="stmt"/>
        <line num="110" count="5" type="stmt"/>
        <line num="111" count="65" type="stmt"/>
        <line num="112" count="50" type="cond" truecount="0" falsecount="1"/>
        <line num="113" count="0" type="stmt"/>
        <line num="115" count="50" type="stmt"/>
        <line num="116" count="50" type="stmt"/>
        <line num="117" count="50" type="stmt"/>
        <line num="126" count="5" type="stmt"/>
        <line num="127" count="7" type="stmt"/>
        <line num="135" count="5" type="stmt"/>
        <line num="136" count="124" type="stmt"/>
        <line num="143" count="5" type="stmt"/>
        <line num="144" count="3" type="stmt"/>
        <line num="152" count="5" type="stmt"/>
        <line num="153" count="75" type="stmt"/>
        <line num="155" count="5" type="stmt"/>
      </file>
      <file name="User.ts" path="/home/aidev3/WorkSpace(Shiva Sharanya S)/library_management/src/domain/User.ts">
        <metrics statements="21" coveredstatements="15" conditionals="4" coveredconditionals="1" methods="7" coveredmethods="6"/>
        <line num="1" count="5" type="stmt"/>
        <line num="12" count="5" type="stmt"/>
        <line num="14" count="124" type="stmt"/>
        <line num="15" count="124" type="stmt"/>
        <line num="16" count="197" type="cond" truecount="1" falsecount="0"/>
        <line num="24" count="5" type="stmt"/>
        <line num="25" count="54" type="stmt"/>
        <line num="33" count="5" type="stmt"/>
        <line num="34" count="62" type="stmt"/>
        <line num="44" count="5" type="stmt"/>
        <line num="45" count="0" type="cond" truecount="0" falsecount="1"/>
        <line num="46" count="0" type="stmt"/>
        <line num="48" count="0" type="cond" truecount="0" falsecount="1"/>
        <line num="49" count="0" type="stmt"/>
        <line num="51" count="0" type="stmt"/>
        <line num="60" count="5" type="stmt"/>
        <line num="61" count="6" type="cond" truecount="0" falsecount="1"/>
        <line num="62" count="0" type="stmt"/>
        <line num="64" count="6" type="stmt"/>
        <line num="67" count="9" type="stmt"/>
        <line num="70" count="5" type="stmt"/>
      </file>
    </package>
    <package name="errors">
      <metrics statements="10" coveredstatements="10" conditionals="6" coveredconditionals="4" methods="4" coveredmethods="4"/>
      <file name="BorrowLimitError.ts" path="/home/aidev3/WorkSpace(Shiva Sharanya S)/library_management/src/errors/BorrowLimitError.ts">
        <metrics statements="5" coveredstatements="5" conditionals="3" coveredconditionals="2" methods="2" coveredmethods="2"/>
        <line num="1" count="5" type="stmt"/>
        <line num="2" count="10" type="cond" truecount="1" falsecount="0"/>
        <line num="3" count="5" type="cond" truecount="1" falsecount="1"/>
        <line num="4" count="5" type="stmt"/>
        <line num="6" count="5" type="stmt"/>
      </file>
      <file name="DuplicateBorrowError.ts" path="/home/aidev3/WorkSpace(Shiva Sharanya S)/library_management/src/errors/DuplicateBorrowError.ts">
        <metrics statements="5" coveredstatements="5" conditionals="3" coveredconditionals="2" methods="2" coveredmethods="2"/>
        <line num="1" count="5" type="stmt"/>
        <line num="2" count="6" type="cond" truecount="1" falsecount="0"/>
        <line num="3" count="3" type="cond" truecount="1" falsecount="1"/>
        <line num="4" count="3" type="stmt"/>
        <line num="6" count="5" type="stmt"/>
      </file>
    </package>
    <package name="services">
      <metrics statements="45" coveredstatements="45" conditionals="8" coveredconditionals="8" methods="8" coveredmethods="8"/>
      <file name="LibraryService.ts" path="/home/aidev3/WorkSpace(Shiva Sharanya S)/library_management/src/services/LibraryService.ts">
        <metrics statements="45" coveredstatements="45" conditionals="8" coveredconditionals="8" methods="8" coveredmethods="8"/>
        <line num="2" count="5" type="stmt"/>
        <line num="4" count="5" type="stmt"/>
        <line num="5" count="5" type="stmt"/>
        <line num="21" count="5" type="stmt"/>
        <line num="26" count="54" type="stmt"/>
        <line num="33" count="5" type="stmt"/>
        <line num="34" count="3" type="stmt"/>
        <line num="45" count="5" type="stmt"/>
        <line num="46" count="62" type="stmt"/>
        <line num="47" count="62" type="cond" truecount="1" falsecount="0"/>
        <line num="48" count="3" type="stmt"/>
        <line num="51" count="59" type="stmt"/>
        <line num="52" count="59" type="cond" truecount="3" falsecount="0"/>
        <line num="53" count="7" type="stmt"/>
        <line num="57" count="52" type="cond" truecount="1" falsecount="0"/>
        <line num="58" count="5" type="stmt"/>
        <line num="61" count="47" type="cond" truecount="1" falsecount="0"/>
        <line num="62" count="3" type="stmt"/>
        <line num="67" count="44" type="stmt"/>
        <line num="68" count="44" type="stmt"/>
        <line num="69" count="44" type="stmt"/>
        <line num="71" count="44" type="stmt"/>
        <line num="72" count="44" type="stmt"/>
        <line num="82" count="5" type="stmt"/>
        <line num="83" count="12" type="stmt"/>
        <line num="84" count="12" type="cond" truecount="1" falsecount="0"/>
        <line num="85" count="3" type="stmt"/>
        <line num="88" count="9" type="cond" truecount="1" falsecount="0"/>
        <line num="89" count="3" type="stmt"/>
        <line num="93" count="6" type="stmt"/>
        <line num="94" count="6" type="stmt"/>
        <line num="95" count="6" type="stmt"/>
        <line num="97" count="6" type="stmt"/>
        <line num="98" count="6" type="stmt"/>
        <line num="107" count="5" type="stmt"/>
        <line num="108" count="60" type="stmt"/>
        <line num="109" count="60" type="stmt"/>
        <line num="110" count="60" type="stmt"/>
        <line num="118" count="5" type="stmt"/>
        <line num="119" count="71" type="stmt"/>
        <line num="120" count="71" type="stmt"/>
        <line num="121" count="71" type="stmt"/>
        <line num="128" count="5" type="stmt"/>
        <line num="129" count="31" type="stmt"/>
        <line num="131" count="5" type="stmt"/>
      </file>
    </package>
  </project>
</coverage>
