{"/home/aidev3/WorkSpace(Shiva Sharanya S)/library_management/src/constants/borrowing.ts": {"path":"/home/aidev3/WorkSpace(Shiva Sharanya S)/library_management/src/constants/borrowing.ts","statementMap":{"0":{"start":{"line":1,"column":13},"end":{"line":1,"column":36}},"1":{"start":{"line":4,"column":13},"end":{"line":4,"column":32}},"2":{"start":{"line":5,"column":13},"end":{"line":5,"column":44}},"3":{"start":{"line":6,"column":13},"end":{"line":6,"column":38}}},"fnMap":{},"branchMap":{},"s":{"0":5,"1":5,"2":5,"3":5},"f":{},"b":{}}
,"/home/aidev3/WorkSpace(Shiva Sharanya S)/library_management/src/domain/Book.ts": {"path":"/home/aidev3/WorkSpace(Shiva Sharanya S)/library_management/src/domain/Book.ts","statementMap":{"0":{"start":{"line":10,"column":0},"end":{"line":10,"column":13}},"1":{"start":{"line":13,"column":11},"end":{"line":13,"column":null}},"2":{"start":{"line":12,"column":11},"end":{"line":12,"column":24}},"3":{"start":{"line":13,"column":11},"end":{"line":13,"column":29}},"4":{"start":{"line":20,"column":2},"end":{"line":22,"column":null}},"5":{"start":{"line":21,"column":4},"end":{"line":21,"column":27}},"6":{"start":{"line":30,"column":2},"end":{"line":35,"column":null}},"7":{"start":{"line":31,"column":4},"end":{"line":33,"column":5}},"8":{"start":{"line":32,"column":6},"end":{"line":32,"column":45}},"9":{"start":{"line":34,"column":4},"end":{"line":34,"column":49}},"10":{"start":{"line":41,"column":2},"end":{"line":43,"column":null}},"11":{"start":{"line":42,"column":4},"end":{"line":42,"column":49}},"12":{"start":{"line":44,"column":0},"end":{"line":44,"column":null}},"13":{"start":{"line":10,"column":13},"end":{"line":10,"column":17}}},"fnMap":{"0":{"name":"(anonymous_0)","decl":{"start":{"line":10,"column":0},"end":{"line":10,"column":13}},"loc":{"start":{"line":10,"column":0},"end":{"line":44,"column":null}}},"1":{"name":"Book","decl":{"start":{"line":11,"column":2},"end":{"line":11,"column":null}},"loc":{"start":{"line":13,"column":29},"end":{"line":14,"column":6}}},"2":{"name":"(anonymous_2)","decl":{"start":{"line":20,"column":2},"end":{"line":20,"column":11}},"loc":{"start":{"line":20,"column":2},"end":{"line":22,"column":3}}},"3":{"name":"(anonymous_3)","decl":{"start":{"line":30,"column":2},"end":{"line":30,"column":17}},"loc":{"start":{"line":30,"column":2},"end":{"line":35,"column":3}}},"4":{"name":"(anonymous_4)","decl":{"start":{"line":41,"column":2},"end":{"line":41,"column":17}},"loc":{"start":{"line":41,"column":2},"end":{"line":43,"column":3}}}},"branchMap":{"0":{"loc":{"start":{"line":13,"column":11},"end":{"line":13,"column":null}},"type":"if","locations":[{"start":{"line":13,"column":11},"end":{"line":13,"column":null}}]},"1":{"loc":{"start":{"line":31,"column":4},"end":{"line":33,"column":5}},"type":"if","locations":[{"start":{"line":31,"column":4},"end":{"line":33,"column":5}}]}},"s":{"0":5,"1":84,"2":83,"3":83,"4":5,"5":67,"6":5,"7":10,"8":0,"9":10,"10":5,"11":3,"12":5,"13":5},"f":{"0":5,"1":83,"2":67,"3":10,"4":3},"b":{"0":[1],"1":[0]}}
,"/home/aidev3/WorkSpace(Shiva Sharanya S)/library_management/src/domain/Library.ts": {"path":"/home/aidev3/WorkSpace(Shiva Sharanya S)/library_management/src/domain/Library.ts","statementMap":{"0":{"start":{"line":1,"column":0},"end":{"line":1,"column":30}},"1":{"start":{"line":19,"column":0},"end":{"line":19,"column":13}},"2":{"start":{"line":21,"column":20},"end":{"line":21,"column":null}},"3":{"start":{"line":22,"column":20},"end":{"line":22,"column":null}},"4":{"start":{"line":21,"column":20},"end":{"line":21,"column":47}},"5":{"start":{"line":22,"column":20},"end":{"line":22,"column":47}},"6":{"start":{"line":32,"column":2},"end":{"line":44,"column":null}},"7":{"start":{"line":33,"column":30},"end":{"line":33,"column":79}},"8":{"start":{"line":33,"column":56},"end":{"line":33,"column":79}},"9":{"start":{"line":34,"column":4},"end":{"line":41,"column":5}},"10":{"start":{"line":36,"column":27},"end":{"line":36,"column":56}},"11":{"start":{"line":37,"column":26},"end":{"line":37,"column":56}},"12":{"start":{"line":38,"column":24},"end":{"line":38,"column":42}},"13":{"start":{"line":39,"column":6},"end":{"line":39,"column":52}},"14":{"start":{"line":40,"column":6},"end":{"line":40,"column":51}},"15":{"start":{"line":43,"column":4},"end":{"line":43,"column":58}},"16":{"start":{"line":53,"column":2},"end":{"line":66,"column":null}},"17":{"start":{"line":54,"column":30},"end":{"line":54,"column":78}},"18":{"start":{"line":54,"column":56},"end":{"line":54,"column":78}},"19":{"start":{"line":55,"column":4},"end":{"line":62,"column":5}},"20":{"start":{"line":57,"column":27},"end":{"line":57,"column":56}},"21":{"start":{"line":58,"column":26},"end":{"line":58,"column":56}},"22":{"start":{"line":59,"column":24},"end":{"line":59,"column":42}},"23":{"start":{"line":60,"column":6},"end":{"line":60,"column":52}},"24":{"start":{"line":61,"column":6},"end":{"line":61,"column":51}},"25":{"start":{"line":64,"column":25},"end":{"line":64,"column":47}},"26":{"start":{"line":65,"column":4},"end":{"line":65,"column":66}},"27":{"start":{"line":74,"column":2},"end":{"line":92,"column":null}},"28":{"start":{"line":75,"column":22},"end":{"line":75,"column":70}},"29":{"start":{"line":75,"column":48},"end":{"line":75,"column":70}},"30":{"start":{"line":76,"column":4},"end":{"line":78,"column":5}},"31":{"start":{"line":77,"column":6},"end":{"line":77,"column":18}},"32":{"start":{"line":80,"column":17},"end":{"line":80,"column":38}},"33":{"start":{"line":81,"column":4},"end":{"line":87,"column":5}},"34":{"start":{"line":83,"column":26},"end":{"line":83,"column":48}},"35":{"start":{"line":84,"column":24},"end":{"line":84,"column":42}},"36":{"start":{"line":85,"column":6},"end":{"line":85,"column":44}},"37":{"start":{"line":86,"column":6},"end":{"line":86,"column":51}},"38":{"start":{"line":90,"column":25},"end":{"line":90,"column":70}},"39":{"start":{"line":90,"column":48},"end":{"line":90,"column":70}},"40":{"start":{"line":91,"column":4},"end":{"line":91,"column":49}},"41":{"start":{"line":99,"column":2},"end":{"line":101,"column":null}},"42":{"start":{"line":100,"column":4},"end":{"line":100,"column":58}},"43":{"start":{"line":110,"column":2},"end":{"line":118,"column":null}},"44":{"start":{"line":111,"column":22},"end":{"line":111,"column":65}},"45":{"start":{"line":111,"column":48},"end":{"line":111,"column":65}},"46":{"start":{"line":112,"column":4},"end":{"line":114,"column":5}},"47":{"start":{"line":113,"column":6},"end":{"line":113,"column":40}},"48":{"start":{"line":115,"column":22},"end":{"line":115,"column":40}},"49":{"start":{"line":116,"column":4},"end":{"line":116,"column":35}},"50":{"start":{"line":117,"column":4},"end":{"line":117,"column":49}},"51":{"start":{"line":126,"column":2},"end":{"line":128,"column":null}},"52":{"start":{"line":127,"column":4},"end":{"line":127,"column":22}},"53":{"start":{"line":135,"column":2},"end":{"line":137,"column":null}},"54":{"start":{"line":136,"column":4},"end":{"line":136,"column":49}},"55":{"start":{"line":136,"column":32},"end":{"line":136,"column":48}},"56":{"start":{"line":143,"column":2},"end":{"line":145,"column":null}},"57":{"start":{"line":144,"column":4},"end":{"line":144,"column":22}},"58":{"start":{"line":152,"column":2},"end":{"line":154,"column":null}},"59":{"start":{"line":153,"column":4},"end":{"line":153,"column":55}},"60":{"start":{"line":153,"column":32},"end":{"line":153,"column":54}},"61":{"start":{"line":155,"column":0},"end":{"line":155,"column":null}},"62":{"start":{"line":19,"column":13},"end":{"line":19,"column":20}}},"fnMap":{"0":{"name":"(anonymous_1)","decl":{"start":{"line":19,"column":0},"end":{"line":19,"column":13}},"loc":{"start":{"line":19,"column":0},"end":{"line":155,"column":null}}},"1":{"name":"Library","decl":{"start":{"line":20,"column":2},"end":{"line":20,"column":null}},"loc":{"start":{"line":22,"column":47},"end":{"line":23,"column":6}}},"2":{"name":"(anonymous_3)","decl":{"start":{"line":32,"column":2},"end":{"line":32,"column":9}},"loc":{"start":{"line":32,"column":20},"end":{"line":44,"column":3}}},"3":{"name":"(anonymous_4)","decl":{"start":{"line":33,"column":51},"end":{"line":33,"column":52}},"loc":{"start":{"line":33,"column":52},"end":{"line":33,"column":57}}},"4":{"name":"(anonymous_5)","decl":{"start":{"line":53,"column":2},"end":{"line":53,"column":23}},"loc":{"start":{"line":53,"column":41},"end":{"line":66,"column":3}}},"5":{"name":"(anonymous_6)","decl":{"start":{"line":54,"column":51},"end":{"line":54,"column":52}},"loc":{"start":{"line":54,"column":52},"end":{"line":54,"column":57}}},"6":{"name":"(anonymous_7)","decl":{"start":{"line":74,"column":2},"end":{"line":74,"column":12}},"loc":{"start":{"line":74,"column":30},"end":{"line":92,"column":3}}},"7":{"name":"(anonymous_8)","decl":{"start":{"line":75,"column":43},"end":{"line":75,"column":44}},"loc":{"start":{"line":75,"column":44},"end":{"line":75,"column":49}}},"8":{"name":"(anonymous_9)","decl":{"start":{"line":90,"column":43},"end":{"line":90,"column":44}},"loc":{"start":{"line":90,"column":44},"end":{"line":90,"column":49}}},"9":{"name":"(anonymous_10)","decl":{"start":{"line":99,"column":2},"end":{"line":99,"column":9}},"loc":{"start":{"line":99,"column":20},"end":{"line":101,"column":3}}},"10":{"name":"(anonymous_11)","decl":{"start":{"line":110,"column":2},"end":{"line":110,"column":12}},"loc":{"start":{"line":110,"column":23},"end":{"line":118,"column":3}}},"11":{"name":"(anonymous_12)","decl":{"start":{"line":111,"column":43},"end":{"line":111,"column":44}},"loc":{"start":{"line":111,"column":44},"end":{"line":111,"column":49}}},"12":{"name":"(anonymous_13)","decl":{"start":{"line":126,"column":2},"end":{"line":126,"column":10}},"loc":{"start":{"line":126,"column":2},"end":{"line":128,"column":3}}},"13":{"name":"(anonymous_14)","decl":{"start":{"line":135,"column":2},"end":{"line":135,"column":9}},"loc":{"start":{"line":135,"column":24},"end":{"line":137,"column":3}}},"14":{"name":"(anonymous_15)","decl":{"start":{"line":136,"column":27},"end":{"line":136,"column":28}},"loc":{"start":{"line":136,"column":28},"end":{"line":136,"column":33}}},"15":{"name":"(anonymous_16)","decl":{"start":{"line":143,"column":2},"end":{"line":143,"column":10}},"loc":{"start":{"line":143,"column":2},"end":{"line":145,"column":3}}},"16":{"name":"(anonymous_17)","decl":{"start":{"line":152,"column":2},"end":{"line":152,"column":10}},"loc":{"start":{"line":152,"column":28},"end":{"line":154,"column":3}}},"17":{"name":"(anonymous_18)","decl":{"start":{"line":153,"column":27},"end":{"line":153,"column":28}},"loc":{"start":{"line":153,"column":28},"end":{"line":153,"column":33}}}},"branchMap":{"0":{"loc":{"start":{"line":21,"column":20},"end":{"line":21,"column":null}},"type":"if","locations":[{"start":{"line":21,"column":20},"end":{"line":21,"column":null}}]},"1":{"loc":{"start":{"line":22,"column":20},"end":{"line":22,"column":null}},"type":"if","locations":[{"start":{"line":22,"column":20},"end":{"line":22,"column":null}}]},"2":{"loc":{"start":{"line":34,"column":4},"end":{"line":41,"column":5}},"type":"if","locations":[{"start":{"line":34,"column":4},"end":{"line":41,"column":5}}]},"3":{"loc":{"start":{"line":55,"column":4},"end":{"line":62,"column":5}},"type":"if","locations":[{"start":{"line":55,"column":4},"end":{"line":62,"column":5}}]},"4":{"loc":{"start":{"line":76,"column":4},"end":{"line":78,"column":5}},"type":"if","locations":[{"start":{"line":76,"column":4},"end":{"line":78,"column":5}}]},"5":{"loc":{"start":{"line":81,"column":4},"end":{"line":87,"column":5}},"type":"if","locations":[{"start":{"line":81,"column":4},"end":{"line":87,"column":5}}]},"6":{"loc":{"start":{"line":112,"column":4},"end":{"line":114,"column":5}},"type":"if","locations":[{"start":{"line":112,"column":4},"end":{"line":114,"column":5}}]}},"s":{"0":5,"1":5,"2":336,"3":338,"4":285,"5":285,"6":5,"7":60,"8":27,"9":60,"10":1,"11":1,"12":1,"13":1,"14":1,"15":59,"16":5,"17":6,"18":3,"19":6,"20":2,"21":2,"22":2,"23":2,"24":2,"25":4,"26":4,"27":5,"28":44,"29":45,"30":44,"31":0,"32":44,"33":44,"34":10,"35":10,"36":10,"37":10,"38":34,"39":61,"40":34,"41":5,"42":71,"43":5,"44":50,"45":65,"46":50,"47":0,"48":50,"49":50,"50":50,"51":5,"52":7,"53":5,"54":93,"55":124,"56":5,"57":3,"58":5,"59":75,"60":70,"61":5,"62":5},"f":{"0":5,"1":285,"2":60,"3":27,"4":6,"5":3,"6":44,"7":45,"8":61,"9":71,"10":50,"11":65,"12":7,"13":93,"14":124,"15":3,"16":75,"17":70},"b":{"0":[51],"1":[53],"2":[1],"3":[2],"4":[0],"5":[10],"6":[0]}}
,"/home/aidev3/WorkSpace(Shiva Sharanya S)/library_management/src/domain/User.ts": {"path":"/home/aidev3/WorkSpace(Shiva Sharanya S)/library_management/src/domain/User.ts","statementMap":{"0":{"start":{"line":1,"column":0},"end":{"line":1,"column":60}},"1":{"start":{"line":12,"column":0},"end":{"line":12,"column":13}},"2":{"start":{"line":16,"column":11},"end":{"line":16,"column":null}},"3":{"start":{"line":14,"column":11},"end":{"line":14,"column":21}},"4":{"start":{"line":15,"column":11},"end":{"line":15,"column":23}},"5":{"start":{"line":16,"column":11},"end":{"line":16,"column":39}},"6":{"start":{"line":24,"column":2},"end":{"line":26,"column":null}},"7":{"start":{"line":25,"column":4},"end":{"line":25,"column":58}},"8":{"start":{"line":33,"column":2},"end":{"line":35,"column":null}},"9":{"start":{"line":34,"column":4},"end":{"line":34,"column":50}},"10":{"start":{"line":44,"column":2},"end":{"line":52,"column":null}},"11":{"start":{"line":45,"column":4},"end":{"line":47,"column":5}},"12":{"start":{"line":46,"column":6},"end":{"line":46,"column":50}},"13":{"start":{"line":48,"column":4},"end":{"line":50,"column":5}},"14":{"start":{"line":49,"column":6},"end":{"line":49,"column":52}},"15":{"start":{"line":51,"column":4},"end":{"line":51,"column":76}},"16":{"start":{"line":60,"column":2},"end":{"line":69,"column":null}},"17":{"start":{"line":61,"column":4},"end":{"line":63,"column":5}},"18":{"start":{"line":62,"column":6},"end":{"line":62,"column":51}},"19":{"start":{"line":64,"column":4},"end":{"line":68,"column":6}},"20":{"start":{"line":67,"column":41},"end":{"line":67,"column":61}},"21":{"start":{"line":70,"column":0},"end":{"line":70,"column":null}},"22":{"start":{"line":12,"column":13},"end":{"line":12,"column":17}}},"fnMap":{"0":{"name":"(anonymous_1)","decl":{"start":{"line":12,"column":0},"end":{"line":12,"column":13}},"loc":{"start":{"line":12,"column":0},"end":{"line":70,"column":null}}},"1":{"name":"User","decl":{"start":{"line":13,"column":2},"end":{"line":13,"column":null}},"loc":{"start":{"line":16,"column":39},"end":{"line":17,"column":6}}},"2":{"name":"(anonymous_3)","decl":{"start":{"line":24,"column":2},"end":{"line":24,"column":20}},"loc":{"start":{"line":24,"column":2},"end":{"line":26,"column":3}}},"3":{"name":"(anonymous_4)","decl":{"start":{"line":33,"column":2},"end":{"line":33,"column":17}},"loc":{"start":{"line":33,"column":35},"end":{"line":35,"column":3}}},"4":{"name":"(anonymous_5)","decl":{"start":{"line":44,"column":2},"end":{"line":44,"column":12}},"loc":{"start":{"line":44,"column":30},"end":{"line":52,"column":3}}},"5":{"name":"(anonymous_6)","decl":{"start":{"line":60,"column":2},"end":{"line":60,"column":12}},"loc":{"start":{"line":60,"column":30},"end":{"line":69,"column":3}}},"6":{"name":"(anonymous_7)","decl":{"start":{"line":67,"column":32},"end":{"line":67,"column":37}},"loc":{"start":{"line":67,"column":37},"end":{"line":67,"column":46}}}},"branchMap":{"0":{"loc":{"start":{"line":16,"column":11},"end":{"line":16,"column":null}},"type":"if","locations":[{"start":{"line":16,"column":11},"end":{"line":16,"column":null}}]},"1":{"loc":{"start":{"line":45,"column":4},"end":{"line":47,"column":5}},"type":"if","locations":[{"start":{"line":45,"column":4},"end":{"line":47,"column":5}}]},"2":{"loc":{"start":{"line":48,"column":4},"end":{"line":50,"column":5}},"type":"if","locations":[{"start":{"line":48,"column":4},"end":{"line":50,"column":5}}]},"3":{"loc":{"start":{"line":61,"column":4},"end":{"line":63,"column":5}},"type":"if","locations":[{"start":{"line":61,"column":4},"end":{"line":63,"column":5}}]}},"s":{"0":5,"1":5,"2":197,"3":124,"4":124,"5":124,"6":5,"7":54,"8":5,"9":62,"10":5,"11":0,"12":0,"13":0,"14":0,"15":0,"16":5,"17":6,"18":0,"19":6,"20":9,"21":5,"22":5},"f":{"0":5,"1":124,"2":54,"3":62,"4":0,"5":6,"6":9},"b":{"0":[73],"1":[0],"2":[0],"3":[0]}}
,"/home/aidev3/WorkSpace(Shiva Sharanya S)/library_management/src/errors/BorrowLimitError.ts": {"path":"/home/aidev3/WorkSpace(Shiva Sharanya S)/library_management/src/errors/BorrowLimitError.ts","statementMap":{"0":{"start":{"line":1,"column":0},"end":{"line":1,"column":null}},"1":{"start":{"line":1,"column":38},"end":{"line":1,"column":43}},"2":{"start":{"line":2,"column":14},"end":{"line":2,"column":null}},"3":{"start":{"line":3,"column":4},"end":{"line":3,"column":19}},"4":{"start":{"line":4,"column":4},"end":{"line":4,"column":35}},"5":{"start":{"line":6,"column":0},"end":{"line":6,"column":null}},"6":{"start":{"line":1,"column":13},"end":{"line":1,"column":29}}},"fnMap":{"0":{"name":"(anonymous_6)","decl":{"start":{"line":1,"column":0},"end":{"line":1,"column":13}},"loc":{"start":{"line":1,"column":0},"end":{"line":6,"column":null}}},"1":{"name":"BorrowLimitError","decl":{"start":{"line":2,"column":2},"end":{"line":2,"column":14}},"loc":{"start":{"line":2,"column":87},"end":{"line":5,"column":3}}}},"branchMap":{"0":{"loc":{"start":{"line":2,"column":14},"end":{"line":2,"column":null}},"type":"if","locations":[{"start":{"line":2,"column":14},"end":{"line":2,"column":null}}]},"1":{"loc":{"start":{"line":3,"column":4},"end":{"line":3,"column":19}},"type":"binary-expr","locations":[{"start":{"line":3,"column":4},"end":{"line":3,"column":18}},{"start":{"line":3,"column":18},"end":{"line":3,"column":19}}]}},"s":{"0":5,"1":5,"2":10,"3":5,"4":5,"5":5,"6":5},"f":{"0":5,"1":5},"b":{"0":[5],"1":[5,0]}}
,"/home/aidev3/WorkSpace(Shiva Sharanya S)/library_management/src/errors/DuplicateBorrowError.ts": {"path":"/home/aidev3/WorkSpace(Shiva Sharanya S)/library_management/src/errors/DuplicateBorrowError.ts","statementMap":{"0":{"start":{"line":1,"column":0},"end":{"line":1,"column":null}},"1":{"start":{"line":1,"column":42},"end":{"line":1,"column":47}},"2":{"start":{"line":2,"column":14},"end":{"line":2,"column":null}},"3":{"start":{"line":3,"column":4},"end":{"line":3,"column":19}},"4":{"start":{"line":4,"column":4},"end":{"line":4,"column":39}},"5":{"start":{"line":6,"column":0},"end":{"line":6,"column":null}},"6":{"start":{"line":1,"column":13},"end":{"line":1,"column":33}}},"fnMap":{"0":{"name":"(anonymous_6)","decl":{"start":{"line":1,"column":0},"end":{"line":1,"column":13}},"loc":{"start":{"line":1,"column":0},"end":{"line":6,"column":null}}},"1":{"name":"DuplicateBorrowError","decl":{"start":{"line":2,"column":2},"end":{"line":2,"column":14}},"loc":{"start":{"line":2,"column":72},"end":{"line":5,"column":3}}}},"branchMap":{"0":{"loc":{"start":{"line":2,"column":14},"end":{"line":2,"column":null}},"type":"if","locations":[{"start":{"line":2,"column":14},"end":{"line":2,"column":null}}]},"1":{"loc":{"start":{"line":3,"column":4},"end":{"line":3,"column":19}},"type":"binary-expr","locations":[{"start":{"line":3,"column":4},"end":{"line":3,"column":18}},{"start":{"line":3,"column":18},"end":{"line":3,"column":19}}]}},"s":{"0":5,"1":5,"2":6,"3":3,"4":3,"5":5,"6":5},"f":{"0":5,"1":3},"b":{"0":[3],"1":[3,0]}}
,"/home/aidev3/WorkSpace(Shiva Sharanya S)/library_management/src/services/LibraryService.ts": {"path":"/home/aidev3/WorkSpace(Shiva Sharanya S)/library_management/src/services/LibraryService.ts","statementMap":{"0":{"start":{"line":2,"column":0},"end":{"line":2,"column":38}},"1":{"start":{"line":4,"column":0},"end":{"line":4,"column":62}},"2":{"start":{"line":5,"column":0},"end":{"line":5,"column":70}},"3":{"start":{"line":21,"column":0},"end":{"line":21,"column":13}},"4":{"start":{"line":26,"column":22},"end":{"line":26,"column":38}},"5":{"start":{"line":33,"column":2},"end":{"line":35,"column":null}},"6":{"start":{"line":34,"column":4},"end":{"line":34,"column":35}},"7":{"start":{"line":45,"column":2},"end":{"line":73,"column":null}},"8":{"start":{"line":46,"column":17},"end":{"line":46,"column":45}},"9":{"start":{"line":47,"column":4},"end":{"line":49,"column":5}},"10":{"start":{"line":48,"column":6},"end":{"line":48,"column":40}},"11":{"start":{"line":51,"column":17},"end":{"line":51,"column":49}},"12":{"start":{"line":52,"column":4},"end":{"line":54,"column":5}},"13":{"start":{"line":53,"column":6},"end":{"line":53,"column":44}},"14":{"start":{"line":57,"column":4},"end":{"line":59,"column":5}},"15":{"start":{"line":58,"column":6},"end":{"line":58,"column":35}},"16":{"start":{"line":61,"column":4},"end":{"line":63,"column":5}},"17":{"start":{"line":62,"column":6},"end":{"line":62,"column":39}},"18":{"start":{"line":67,"column":24},"end":{"line":67,"column":88}},"19":{"start":{"line":68,"column":27},"end":{"line":68,"column":63}},"20":{"start":{"line":69,"column":25},"end":{"line":69,"column":61}},"21":{"start":{"line":71,"column":4},"end":{"line":71,"column":32}},"22":{"start":{"line":72,"column":4},"end":{"line":72,"column":24}},"23":{"start":{"line":82,"column":2},"end":{"line":99,"column":null}},"24":{"start":{"line":83,"column":17},"end":{"line":83,"column":45}},"25":{"start":{"line":84,"column":4},"end":{"line":86,"column":5}},"26":{"start":{"line":85,"column":6},"end":{"line":85,"column":40}},"27":{"start":{"line":88,"column":4},"end":{"line":90,"column":5}},"28":{"start":{"line":89,"column":6},"end":{"line":89,"column":51}},"29":{"start":{"line":93,"column":24},"end":{"line":93,"column":50}},"30":{"start":{"line":94,"column":27},"end":{"line":94,"column":63}},"31":{"start":{"line":95,"column":25},"end":{"line":95,"column":72}},"32":{"start":{"line":97,"column":4},"end":{"line":97,"column":32}},"33":{"start":{"line":98,"column":4},"end":{"line":98,"column":24}},"34":{"start":{"line":107,"column":2},"end":{"line":111,"column":null}},"35":{"start":{"line":108,"column":27},"end":{"line":108,"column":53}},"36":{"start":{"line":109,"column":4},"end":{"line":109,"column":34}},"37":{"start":{"line":110,"column":4},"end":{"line":110,"column":26}},"38":{"start":{"line":118,"column":2},"end":{"line":122,"column":null}},"39":{"start":{"line":119,"column":27},"end":{"line":119,"column":53}},"40":{"start":{"line":120,"column":4},"end":{"line":120,"column":34}},"41":{"start":{"line":121,"column":4},"end":{"line":121,"column":26}},"42":{"start":{"line":128,"column":2},"end":{"line":130,"column":null}},"43":{"start":{"line":129,"column":4},"end":{"line":129,"column":24}},"44":{"start":{"line":131,"column":0},"end":{"line":131,"column":null}},"45":{"start":{"line":21,"column":13},"end":{"line":21,"column":27}}},"fnMap":{"0":{"name":"(anonymous_1)","decl":{"start":{"line":21,"column":0},"end":{"line":21,"column":13}},"loc":{"start":{"line":21,"column":0},"end":{"line":131,"column":null}}},"1":{"name":"LibraryService","decl":{"start":{"line":26,"column":2},"end":{"line":26,"column":22}},"loc":{"start":{"line":26,"column":38},"end":{"line":26,"column":42}}},"2":{"name":"(anonymous_3)","decl":{"start":{"line":33,"column":2},"end":{"line":33,"column":11}},"loc":{"start":{"line":33,"column":2},"end":{"line":35,"column":3}}},"3":{"name":"(anonymous_4)","decl":{"start":{"line":45,"column":2},"end":{"line":45,"column":12}},"loc":{"start":{"line":45,"column":46},"end":{"line":73,"column":3}}},"4":{"name":"(anonymous_5)","decl":{"start":{"line":82,"column":2},"end":{"line":82,"column":12}},"loc":{"start":{"line":82,"column":46},"end":{"line":99,"column":3}}},"5":{"name":"(anonymous_6)","decl":{"start":{"line":107,"column":2},"end":{"line":107,"column":9}},"loc":{"start":{"line":107,"column":20},"end":{"line":111,"column":3}}},"6":{"name":"(anonymous_7)","decl":{"start":{"line":118,"column":2},"end":{"line":118,"column":9}},"loc":{"start":{"line":118,"column":20},"end":{"line":122,"column":3}}},"7":{"name":"(anonymous_8)","decl":{"start":{"line":128,"column":2},"end":{"line":128,"column":19}},"loc":{"start":{"line":128,"column":2},"end":{"line":130,"column":3}}}},"branchMap":{"0":{"loc":{"start":{"line":47,"column":4},"end":{"line":49,"column":5}},"type":"if","locations":[{"start":{"line":47,"column":4},"end":{"line":49,"column":5}}]},"1":{"loc":{"start":{"line":52,"column":4},"end":{"line":54,"column":5}},"type":"if","locations":[{"start":{"line":52,"column":4},"end":{"line":54,"column":5}}]},"2":{"loc":{"start":{"line":52,"column":8},"end":{"line":52,"column":34}},"type":"binary-expr","locations":[{"start":{"line":52,"column":8},"end":{"line":52,"column":13}},{"start":{"line":52,"column":17},"end":{"line":52,"column":34}}]},"3":{"loc":{"start":{"line":57,"column":4},"end":{"line":59,"column":5}},"type":"if","locations":[{"start":{"line":57,"column":4},"end":{"line":59,"column":5}}]},"4":{"loc":{"start":{"line":61,"column":4},"end":{"line":63,"column":5}},"type":"if","locations":[{"start":{"line":61,"column":4},"end":{"line":63,"column":5}}]},"5":{"loc":{"start":{"line":84,"column":4},"end":{"line":86,"column":5}},"type":"if","locations":[{"start":{"line":84,"column":4},"end":{"line":86,"column":5}}]},"6":{"loc":{"start":{"line":88,"column":4},"end":{"line":90,"column":5}},"type":"if","locations":[{"start":{"line":88,"column":4},"end":{"line":90,"column":5}}]}},"s":{"0":5,"1":5,"2":5,"3":5,"4":54,"5":5,"6":3,"7":5,"8":62,"9":62,"10":3,"11":59,"12":59,"13":7,"14":52,"15":5,"16":47,"17":3,"18":44,"19":44,"20":44,"21":44,"22":44,"23":5,"24":12,"25":12,"26":3,"27":9,"28":3,"29":6,"30":6,"31":6,"32":6,"33":6,"34":5,"35":60,"36":60,"37":60,"38":5,"39":71,"40":71,"41":71,"42":5,"43":31,"44":5,"45":5},"f":{"0":5,"1":54,"2":3,"3":62,"4":12,"5":60,"6":71,"7":31},"b":{"0":[3],"1":[7],"2":[59,56],"3":[5],"4":[3],"5":[3],"6":[3]}}
}
