TN:
SF:src/constants/borrowing.ts
FNF:0
FNH:0
DA:1,5
DA:4,5
DA:5,5
DA:6,5
LF:4
LH:4
BRF:0
BRH:0
end_of_record
TN:
SF:src/domain/Book.ts
FN:10,(anonymous_0)
FN:11,Book
FN:20,(anonymous_2)
FN:30,(anonymous_3)
FN:41,(anonymous_4)
FNF:5
FNH:5
FNDA:5,(anonymous_0)
FNDA:83,Book
FNDA:67,(anonymous_2)
FNDA:10,(anonymous_3)
FNDA:3,(anonymous_4)
DA:10,5
DA:12,83
DA:13,84
DA:20,5
DA:21,67
DA:30,5
DA:31,10
DA:32,0
DA:34,10
DA:41,5
DA:42,3
DA:44,5
LF:12
LH:11
BRDA:13,0,0,1
BRDA:31,1,0,0
BRF:2
BRH:1
end_of_record
TN:
SF:src/domain/Library.ts
FN:19,(anonymous_1)
FN:20,Library
FN:32,(anonymous_3)
FN:33,(anonymous_4)
FN:53,(anonymous_5)
FN:54,(anonymous_6)
FN:74,(anonymous_7)
FN:75,(anonymous_8)
FN:90,(anonymous_9)
FN:99,(anonymous_10)
FN:110,(anonymous_11)
FN:111,(anonymous_12)
FN:126,(anonymous_13)
FN:135,(anonymous_14)
FN:136,(anonymous_15)
FN:143,(anonymous_16)
FN:152,(anonymous_17)
FN:153,(anonymous_18)
FNF:18
FNH:18
FNDA:5,(anonymous_1)
FNDA:285,Library
FNDA:60,(anonymous_3)
FNDA:27,(anonymous_4)
FNDA:6,(anonymous_5)
FNDA:3,(anonymous_6)
FNDA:44,(anonymous_7)
FNDA:45,(anonymous_8)
FNDA:61,(anonymous_9)
FNDA:71,(anonymous_10)
FNDA:50,(anonymous_11)
FNDA:65,(anonymous_12)
FNDA:7,(anonymous_13)
FNDA:93,(anonymous_14)
FNDA:124,(anonymous_15)
FNDA:3,(anonymous_16)
FNDA:75,(anonymous_17)
FNDA:70,(anonymous_18)
DA:1,5
DA:19,5
DA:21,336
DA:22,338
DA:32,5
DA:33,60
DA:34,60
DA:36,1
DA:37,1
DA:38,1
DA:39,1
DA:40,1
DA:43,59
DA:53,5
DA:54,6
DA:55,6
DA:57,2
DA:58,2
DA:59,2
DA:60,2
DA:61,2
DA:64,4
DA:65,4
DA:74,5
DA:75,45
DA:76,44
DA:77,0
DA:80,44
DA:81,44
DA:83,10
DA:84,10
DA:85,10
DA:86,10
DA:90,61
DA:91,34
DA:99,5
DA:100,71
DA:110,5
DA:111,65
DA:112,50
DA:113,0
DA:115,50
DA:116,50
DA:117,50
DA:126,5
DA:127,7
DA:135,5
DA:136,124
DA:143,5
DA:144,3
DA:152,5
DA:153,75
DA:155,5
LF:53
LH:51
BRDA:21,0,0,51
BRDA:22,1,0,53
BRDA:34,2,0,1
BRDA:55,3,0,2
BRDA:76,4,0,0
BRDA:81,5,0,10
BRDA:112,6,0,0
BRF:7
BRH:5
end_of_record
TN:
SF:src/domain/User.ts
FN:12,(anonymous_1)
FN:13,User
FN:24,(anonymous_3)
FN:33,(anonymous_4)
FN:44,(anonymous_5)
FN:60,(anonymous_6)
FN:67,(anonymous_7)
FNF:7
FNH:6
FNDA:5,(anonymous_1)
FNDA:124,User
FNDA:54,(anonymous_3)
FNDA:62,(anonymous_4)
FNDA:0,(anonymous_5)
FNDA:6,(anonymous_6)
FNDA:9,(anonymous_7)
DA:1,5
DA:12,5
DA:14,124
DA:15,124
DA:16,197
DA:24,5
DA:25,54
DA:33,5
DA:34,62
DA:44,5
DA:45,0
DA:46,0
DA:48,0
DA:49,0
DA:51,0
DA:60,5
DA:61,6
DA:62,0
DA:64,6
DA:67,9
DA:70,5
LF:21
LH:15
BRDA:16,0,0,73
BRDA:45,1,0,0
BRDA:48,2,0,0
BRDA:61,3,0,0
BRF:4
BRH:1
end_of_record
TN:
SF:src/errors/BorrowLimitError.ts
FN:1,(anonymous_6)
FN:2,BorrowLimitError
FNF:2
FNH:2
FNDA:5,(anonymous_6)
FNDA:5,BorrowLimitError
DA:1,5
DA:2,10
DA:3,5
DA:4,5
DA:6,5
LF:5
LH:5
BRDA:2,0,0,5
BRDA:3,1,0,5
BRDA:3,1,1,0
BRF:3
BRH:2
end_of_record
TN:
SF:src/errors/DuplicateBorrowError.ts
FN:1,(anonymous_6)
FN:2,DuplicateBorrowError
FNF:2
FNH:2
FNDA:5,(anonymous_6)
FNDA:3,DuplicateBorrowError
DA:1,5
DA:2,6
DA:3,3
DA:4,3
DA:6,5
LF:5
LH:5
BRDA:2,0,0,3
BRDA:3,1,0,3
BRDA:3,1,1,0
BRF:3
BRH:2
end_of_record
TN:
SF:src/services/LibraryService.ts
FN:21,(anonymous_1)
FN:26,LibraryService
FN:33,(anonymous_3)
FN:45,(anonymous_4)
FN:82,(anonymous_5)
FN:107,(anonymous_6)
FN:118,(anonymous_7)
FN:128,(anonymous_8)
FNF:8
FNH:8
FNDA:5,(anonymous_1)
FNDA:54,LibraryService
FNDA:3,(anonymous_3)
FNDA:62,(anonymous_4)
FNDA:12,(anonymous_5)
FNDA:60,(anonymous_6)
FNDA:71,(anonymous_7)
FNDA:31,(anonymous_8)
DA:2,5
DA:4,5
DA:5,5
DA:21,5
DA:26,54
DA:33,5
DA:34,3
DA:45,5
DA:46,62
DA:47,62
DA:48,3
DA:51,59
DA:52,59
DA:53,7
DA:57,52
DA:58,5
DA:61,47
DA:62,3
DA:67,44
DA:68,44
DA:69,44
DA:71,44
DA:72,44
DA:82,5
DA:83,12
DA:84,12
DA:85,3
DA:88,9
DA:89,3
DA:93,6
DA:94,6
DA:95,6
DA:97,6
DA:98,6
DA:107,5
DA:108,60
DA:109,60
DA:110,60
DA:118,5
DA:119,71
DA:120,71
DA:121,71
DA:128,5
DA:129,31
DA:131,5
LF:45
LH:45
BRDA:47,0,0,3
BRDA:52,1,0,7
BRDA:52,2,0,59
BRDA:52,2,1,56
BRDA:57,3,0,5
BRDA:61,4,0,3
BRDA:84,5,0,3
BRDA:88,6,0,3
BRF:8
BRH:8
end_of_record
